0 info it worked if it ends with ok
1 verbose cli [ 'C:\\Program Files\\nodejs\\node.exe',
1 verbose cli   'C:\\Users\\chen\\AppData\\Roaming\\npm\\node_modules\\npm\\bin\\npm-cli.js',
1 verbose cli   'start' ]
2 info using npm@3.10.5
3 info using node@v8.1.0
4 verbose run-script [ 'prestart', 'start', 'poststart' ]
5 info lifecycle oAuth2@0.0.0~prestart: oAuth2@0.0.0
6 silly lifecycle oAuth2@0.0.0~prestart: no script for prestart, continuing
7 info lifecycle oAuth2@0.0.0~start: oAuth2@0.0.0
8 verbose lifecycle oAuth2@0.0.0~start: unsafe-perm in lifecycle true
9 verbose lifecycle oAuth2@0.0.0~start: PATH: C:\Users\chen\AppData\Roaming\npm\node_modules\npm\bin\node-gyp-bin;I:\code\node\oAuth2\node_modules\.bin;C:\Program Files\nodejs;C:\Program Files\ImageMagick-7.0.1-Q16;C:\ProgramData\Oracle\Java\javapath;C:\Program Files (x86)\Intel\iCLS Client\;C:\Program Files\Intel\iCLS Client\;C:\Windows\system32;C:\Windows;C:\Windows\System32\Wbem;C:\Windows\System32\WindowsPowerShell\v1.0\;C:\Program Files (x86)\Intel\Intel(R) Management Engine Components\DAL;C:\Program Files\Intel\Intel(R) Management Engine Components\DAL;C:\Program Files (x86)\Intel\Intel(R) Management Engine Components\IPT;C:\Program Files\Intel\Intel(R) Management Engine Components\IPT;C:\Program Files (x86)\NVIDIA Corporation\PhysX\Common;C:\instantclient_12_1;C:\Users\chen\.dnx\bin;C:\Program Files\Microsoft DNX\Dnvm\;C:\Program Files (x86)\Windows Kits\8.1\Windows Performance Toolkit\;C:\Program Files\Microsoft SQL Server\120\Tools\Binn\;C:\Program Files\Microsoft SQL Server\130\Tools\Binn\;C:\Program Files (x86)\DevDesktop\tools;C:\WINDOWS\system32;C:\WINDOWS;C:\WINDOWS\System32\Wbem;C:\WINDOWS\System32\WindowsPowerShell\v1.0\;C:\Program Files\OpenVPN\bin;J:\php\php\php-7.0.12-nts\;C:\Program Files\nodejs\;C:\Program Files\Git\cmd;C:\Users\chen\AppData\Local\atom\bin;C:\Users\chen\AppData\Local\Microsoft\WindowsApps;C:\Program Files (x86)\Microsoft VS Code\bin;C:\Users\chen\AppData\Roaming\npm;C:\Program Files\Docker Toolbox
10 verbose lifecycle oAuth2@0.0.0~start: CWD: I:\code\node\oAuth2
11 silly lifecycle oAuth2@0.0.0~start: Args: [ '/d /s /c', 'node ./bin/www' ]
12 silly lifecycle oAuth2@0.0.0~start: Returned: code: 1  signal: null
13 info lifecycle oAuth2@0.0.0~start: Failed to exec start script
14 verbose stack Error: oAuth2@0.0.0 start: `node ./bin/www`
14 verbose stack Exit status 1
14 verbose stack     at EventEmitter.<anonymous> (C:\Users\chen\AppData\Roaming\npm\node_modules\npm\lib\utils\lifecycle.js:242:16)
14 verbose stack     at emitTwo (events.js:125:13)
14 verbose stack     at EventEmitter.emit (events.js:213:7)
14 verbose stack     at ChildProcess.<anonymous> (C:\Users\chen\AppData\Roaming\npm\node_modules\npm\lib\utils\spawn.js:40:14)
14 verbose stack     at emitTwo (events.js:125:13)
14 verbose stack     at ChildProcess.emit (events.js:213:7)
14 verbose stack     at maybeClose (internal/child_process.js:887:16)
14 verbose stack     at Process.ChildProcess._handle.onexit (internal/child_process.js:208:5)
15 verbose pkgid oAuth2@0.0.0
16 verbose cwd I:\code\node\oAuth2
17 error Windows_NT 10.0.14393
18 error argv "C:\\Program Files\\nodejs\\node.exe" "C:\\Users\\chen\\AppData\\Roaming\\npm\\node_modules\\npm\\bin\\npm-cli.js" "start"
19 error node v8.1.0
20 error npm  v3.10.5
21 error code ELIFECYCLE
22 error oAuth2@0.0.0 start: `node ./bin/www`
22 error Exit status 1
23 error Failed at the oAuth2@0.0.0 start script 'node ./bin/www'.
23 error Make sure you have the latest version of node.js and npm installed.
23 error If you do, this is most likely a problem with the oAuth2 package,
23 error not with npm itself.
23 error Tell the author that this fails on your system:
23 error     node ./bin/www
23 error You can get information on how to open an issue for this project with:
23 error     npm bugs oAuth2
23 error Or if that isn't available, you can get their info via:
23 error     npm owner ls oAuth2
23 error There is likely additional logging output above.
24 verbose exit [ 1, true ]
